This file contains any messages produced by compilers while
running configure, to aid debugging if configure makes a mistake.

It was created by Aleph One/SDL configure 20080721, which was
generated by GNU Autoconf 2.63.  Invocation command line was

  $ ./configure --host psp --prefix=/usr/local/pspdev/psp --disable-speex --disable-alsa --disable-opengl host_alias=psp --no-create --no-recursion

## --------- ##
## Platform. ##
## --------- ##

hostname = Ubaqui
uname -m = i686
uname -r = 2.6.28-11-generic
uname -s = Linux
uname -v = #42-Ubuntu SMP Fri Apr 17 01:57:59 UTC 2009

/usr/bin/uname -p = unknown
/bin/uname -X     = unknown

/bin/arch              = unknown
/usr/bin/arch -k       = unknown
/usr/convex/getsysinfo = unknown
/usr/bin/hostinfo      = unknown
/bin/machine           = unknown
/usr/bin/oslevel       = unknown
/bin/universe          = unknown

PATH: /home/mk/Development/Symbian/gnupoc/
PATH: /usr/local/sbin
PATH: /usr/local/bin
PATH: /usr/sbin
PATH: /usr/bin
PATH: /sbin
PATH: /bin
PATH: /usr/games
PATH: /usr/local/pspdev/bin
PATH: /usr/local/pspdev/psp/sdk/bin
PATH: /usr/local/ps2dev/bin
PATH: /usr/local/ps2dev/ee/bin
PATH: /usr/local/ps2dev/iop/bin
PATH: /usr/local/ps2dev/dvp/bin
PATH: /usr/local/ps2dev/ps2sdk/bin
PATH: /opt/pdk/bin
PATH: /usr/local/jdk1.6.0_14/bin/
PATH: /home/mk/Development/SDKs/flex_sdk_3.5.0.12683/bin
PATH: /usr/local/psplxdev/usr/bin
PATH: /home/mk/Desktop/Downloads/cRARk


## ----------- ##
## Core tests. ##
## ----------- ##

configure:1934: checking build system type
configure:1952: result: i686-pc-linux-gnu
configure:1974: checking host system type
configure:1989: result: mipsallegrexel-psp-elf
configure:2011: checking target system type
configure:2026: result: mipsallegrexel-psp-elf
configure:2071: checking for a BSD-compatible install
configure:2139: result: /usr/bin/install -c
configure:2150: checking whether build environment is sane
configure:2193: result: yes
configure:2218: checking for a thread-safe mkdir -p
configure:2257: result: /bin/mkdir -p
configure:2270: checking for gawk
configure:2286: found /usr/bin/gawk
configure:2297: result: gawk
configure:2308: checking whether make sets $(MAKE)
configure:2330: result: yes
configure:2410: checking for psp-strip
configure:2426: found /usr/local/pspdev/bin/psp-strip
configure:2437: result: psp-strip
configure:2645: checking for psp-gcc
configure:2661: found /usr/local/pspdev/bin/psp-gcc
configure:2672: result: psp-gcc
configure:2944: checking for C compiler version
configure:2952: psp-gcc --version >&5
psp-gcc (GCC) 4.3.2
Copyright (C) 2008 Free Software Foundation, Inc.
This is free software; see the source for copying conditions.  There is NO
warranty; not even for MERCHANTABILITY or FITNESS FOR A PARTICULAR PURPOSE.

configure:2956: $? = 0
configure:2963: psp-gcc -v >&5
Using built-in specs.
Target: psp
Configured with: ../configure --prefix=/usr/local/pspdev --target=psp --enable-languages=c,c++ --with-newlib --with-gmp --with-mpfr --enable-cxx-flags=-G0
Thread model: single
gcc version 4.3.2 (GCC) 
configure:2967: $? = 0
configure:2974: psp-gcc -V >&5
psp-gcc: '-V' option must have argument
configure:2978: $? = 1
configure:3001: checking for C compiler default output file name
configure:3023: psp-gcc  -g -G0 -D_PSP_FW_VERSION=550 -Dmain=main -I/usr/local/pspdev/psp/sdk/include -I/usr/local/pspdev/include   -L/usr/local/pspdev/psp/sdk/lib -L/usr/local/pspdev/lib -specs=/usr/local/pspdev/psp/sdk/lib/prxspecs -Wl,-q,-T/usr/local/pspdev/psp/sdk/lib/linkfile.prx,--start-group conftest.c  -lc -lstdc++ -lfreetype -logg -ljpeg -lpng -lz -lvorbis -lpspwlan -lpspnet_resolver -lm -lpspgu -lGL -lpspaudio -lpspvfpu -lpsphprm -lpspdebug -lpspdisplay -lpspge -lpspctrl -lpspsdk -lc -lpspnet -lpspnet_inet -lpspnet_apctl -lpspnet_resolver -lpsputility -lpspuser -lpspkernel >&5
configure:3027: $? = 0
configure:3065: result: a.out
configure:3084: checking whether the C compiler works
configure:3094: ./a.out
./configure: line 3096: ./a.out: cannot execute binary file
configure:3098: $? = 126
configure:3117: result: yes
configure:3124: checking whether we are cross compiling
configure:3126: result: yes
configure:3129: checking for suffix of executables
configure:3136: psp-gcc -o conftest  -g -G0 -D_PSP_FW_VERSION=550 -Dmain=main -I/usr/local/pspdev/psp/sdk/include -I/usr/local/pspdev/include   -L/usr/local/pspdev/psp/sdk/lib -L/usr/local/pspdev/lib -specs=/usr/local/pspdev/psp/sdk/lib/prxspecs -Wl,-q,-T/usr/local/pspdev/psp/sdk/lib/linkfile.prx,--start-group conftest.c  -lc -lstdc++ -lfreetype -logg -ljpeg -lpng -lz -lvorbis -lpspwlan -lpspnet_resolver -lm -lpspgu -lGL -lpspaudio -lpspvfpu -lpsphprm -lpspdebug -lpspdisplay -lpspge -lpspctrl -lpspsdk -lc -lpspnet -lpspnet_inet -lpspnet_apctl -lpspnet_resolver -lpsputility -lpspuser -lpspkernel >&5
configure:3140: $? = 0
configure:3166: result: 
configure:3172: checking for suffix of object files
configure:3198: psp-gcc -c  -g -G0 -D_PSP_FW_VERSION=550 -Dmain=main -I/usr/local/pspdev/psp/sdk/include -I/usr/local/pspdev/include  conftest.c >&5
configure:3202: $? = 0
configure:3227: result: o
configure:3231: checking whether we are using the GNU C compiler
configure:3260: psp-gcc -c  -g -G0 -D_PSP_FW_VERSION=550 -Dmain=main -I/usr/local/pspdev/psp/sdk/include -I/usr/local/pspdev/include  conftest.c >&5
configure:3267: $? = 0
configure:3284: result: yes
configure:3293: checking whether psp-gcc accepts -g
configure:3323: psp-gcc -c -g  conftest.c >&5
configure:3330: $? = 0
configure:3431: result: yes
configure:3448: checking for psp-gcc option to accept ISO C89
configure:3522: psp-gcc  -c  -g -G0 -D_PSP_FW_VERSION=550 -Dmain=main -I/usr/local/pspdev/psp/sdk/include -I/usr/local/pspdev/include  conftest.c >&5
configure:3529: $? = 0
configure:3552: result: none needed
configure:3581: checking for style of include used by make
configure:3609: result: GNU
configure:3634: checking dependency style of psp-gcc
configure:3725: result: gcc3
configure:3745: checking how to run the C preprocessor
configure:3785: psp-gcc -E  conftest.c
configure:3792: $? = 0
configure:3823: psp-gcc -E  conftest.c
conftest.c:10:28: error: ac_nonexistent.h: No such file or directory
configure:3830: $? = 1
configure: failed program was:
| /* confdefs.h.  */
| #define PACKAGE_NAME "Aleph One/SDL"
| #define PACKAGE_TARNAME "AlephOne"
| #define PACKAGE_VERSION "20080721"
| #define PACKAGE_STRING "Aleph One/SDL 20080721"
| #define PACKAGE_BUGREPORT "http://sourceforge.net/bugs/?group_id=1997"
| #define PACKAGE "AlephOne"
| #define VERSION "20080721"
| /* end confdefs.h.  */
| #include <ac_nonexistent.h>
configure:3863: result: psp-gcc -E
configure:3892: psp-gcc -E  conftest.c
configure:3899: $? = 0
configure:3930: psp-gcc -E  conftest.c
conftest.c:10:28: error: ac_nonexistent.h: No such file or directory
configure:3937: $? = 1
configure: failed program was:
| /* confdefs.h.  */
| #define PACKAGE_NAME "Aleph One/SDL"
| #define PACKAGE_TARNAME "AlephOne"
| #define PACKAGE_VERSION "20080721"
| #define PACKAGE_STRING "Aleph One/SDL 20080721"
| #define PACKAGE_BUGREPORT "http://sourceforge.net/bugs/?group_id=1997"
| #define PACKAGE "AlephOne"
| #define VERSION "20080721"
| /* end confdefs.h.  */
| #include <ac_nonexistent.h>
configure:3990: checking for psp-g++
configure:4006: found /usr/local/pspdev/bin/psp-g++
configure:4017: result: psp-g++
configure:4088: checking for C++ compiler version
configure:4096: psp-g++ --version >&5
psp-g++ (GCC) 4.3.2
Copyright (C) 2008 Free Software Foundation, Inc.
This is free software; see the source for copying conditions.  There is NO
warranty; not even for MERCHANTABILITY or FITNESS FOR A PARTICULAR PURPOSE.

configure:4100: $? = 0
configure:4107: psp-g++ -v >&5
Using built-in specs.
Target: psp
Configured with: ../configure --prefix=/usr/local/pspdev --target=psp --enable-languages=c,c++ --with-newlib --with-gmp --with-mpfr --enable-cxx-flags=-G0
Thread model: single
gcc version 4.3.2 (GCC) 
configure:4111: $? = 0
configure:4118: psp-g++ -V >&5
psp-g++: '-V' option must have argument
configure:4122: $? = 1
configure:4125: checking whether we are using the GNU C++ compiler
configure:4154: psp-g++ -c  -g -G0 -D_PSP_FW_VERSION=550 -Dmain=main -I/usr/local/pspdev/psp/sdk/include -I/usr/local/pspdev/include  -O2  -include "cstdlib"  conftest.cpp >&5
cc1plus: error: "cstdlib": No such file or directory
configure:4161: $? = 1
configure: failed program was:
| /* confdefs.h.  */
| #define PACKAGE_NAME "Aleph One/SDL"
| #define PACKAGE_TARNAME "AlephOne"
| #define PACKAGE_VERSION "20080721"
| #define PACKAGE_STRING "Aleph One/SDL 20080721"
| #define PACKAGE_BUGREPORT "http://sourceforge.net/bugs/?group_id=1997"
| #define PACKAGE "AlephOne"
| #define VERSION "20080721"
| /* end confdefs.h.  */
| 
| int
| main ()
| {
| #ifndef __GNUC__
|        choke me
| #endif
| 
|   ;
|   return 0;
| }
configure:4178: result: no
configure:4187: checking whether psp-g++ accepts -g
configure:4217: psp-g++ -c -g  conftest.cpp >&5
configure:4224: $? = 0
configure:4325: result: yes
configure:4350: checking dependency style of psp-g++
configure:4441: result: gcc3
configure:4461: checking how to run the C++ preprocessor
configure:4497: psp-g++ -E  conftest.cpp
configure:4504: $? = 0
configure:4535: psp-g++ -E  conftest.cpp
conftest.cpp:10:28: error: ac_nonexistent.h: No such file or directory
configure:4542: $? = 1
configure: failed program was:
| /* confdefs.h.  */
| #define PACKAGE_NAME "Aleph One/SDL"
| #define PACKAGE_TARNAME "AlephOne"
| #define PACKAGE_VERSION "20080721"
| #define PACKAGE_STRING "Aleph One/SDL 20080721"
| #define PACKAGE_BUGREPORT "http://sourceforge.net/bugs/?group_id=1997"
| #define PACKAGE "AlephOne"
| #define VERSION "20080721"
| /* end confdefs.h.  */
| #include <ac_nonexistent.h>
configure:4575: result: psp-g++ -E
configure:4604: psp-g++ -E  conftest.cpp
configure:4611: $? = 0
configure:4642: psp-g++ -E  conftest.cpp
conftest.cpp:10:28: error: ac_nonexistent.h: No such file or directory
configure:4649: $? = 1
configure: failed program was:
| /* confdefs.h.  */
| #define PACKAGE_NAME "Aleph One/SDL"
| #define PACKAGE_TARNAME "AlephOne"
| #define PACKAGE_VERSION "20080721"
| #define PACKAGE_STRING "Aleph One/SDL 20080721"
| #define PACKAGE_BUGREPORT "http://sourceforge.net/bugs/?group_id=1997"
| #define PACKAGE "AlephOne"
| #define VERSION "20080721"
| /* end confdefs.h.  */
| #include <ac_nonexistent.h>
configure:4702: checking for a BSD-compatible install
configure:4770: result: /usr/bin/install -c
configure:4784: checking for psp-ranlib
configure:4800: found /usr/local/pspdev/bin/psp-ranlib
configure:4811: result: psp-ranlib
configure:4986: checking for grep that handles long lines and -e
configure:5046: result: /bin/grep
configure:5051: checking for egrep
configure:5115: result: /bin/grep -E
configure:5120: checking for ANSI C header files
configure:5150: psp-gcc -c  -g -G0 -D_PSP_FW_VERSION=550 -Dmain=main -I/usr/local/pspdev/psp/sdk/include -I/usr/local/pspdev/include  conftest.c >&5
configure:5157: $? = 0
configure:5288: result: yes
configure:5312: checking for sys/types.h
configure:5333: psp-gcc -c  -g -G0 -D_PSP_FW_VERSION=550 -Dmain=main -I/usr/local/pspdev/psp/sdk/include -I/usr/local/pspdev/include  conftest.c >&5
configure:5340: $? = 0
configure:5357: result: yes
configure:5312: checking for sys/stat.h
configure:5333: psp-gcc -c  -g -G0 -D_PSP_FW_VERSION=550 -Dmain=main -I/usr/local/pspdev/psp/sdk/include -I/usr/local/pspdev/include  conftest.c >&5
configure:5340: $? = 0
configure:5357: result: yes
configure:5312: checking for stdlib.h
configure:5333: psp-gcc -c  -g -G0 -D_PSP_FW_VERSION=550 -Dmain=main -I/usr/local/pspdev/psp/sdk/include -I/usr/local/pspdev/include  conftest.c >&5
configure:5340: $? = 0
configure:5357: result: yes
configure:5312: checking for string.h
configure:5333: psp-gcc -c  -g -G0 -D_PSP_FW_VERSION=550 -Dmain=main -I/usr/local/pspdev/psp/sdk/include -I/usr/local/pspdev/include  conftest.c >&5
configure:5340: $? = 0
configure:5357: result: yes
configure:5312: checking for memory.h
configure:5333: psp-gcc -c  -g -G0 -D_PSP_FW_VERSION=550 -Dmain=main -I/usr/local/pspdev/psp/sdk/include -I/usr/local/pspdev/include  conftest.c >&5
conftest.c:49:20: error: memory.h: No such file or directory
configure:5340: $? = 1
configure: failed program was:
| /* confdefs.h.  */
| #define PACKAGE_NAME "Aleph One/SDL"
| #define PACKAGE_TARNAME "AlephOne"
| #define PACKAGE_VERSION "20080721"
| #define PACKAGE_STRING "Aleph One/SDL 20080721"
| #define PACKAGE_BUGREPORT "http://sourceforge.net/bugs/?group_id=1997"
| #define PACKAGE "AlephOne"
| #define VERSION "20080721"
| #define STDC_HEADERS 1
| #define HAVE_SYS_TYPES_H 1
| #define HAVE_SYS_STAT_H 1
| #define HAVE_STDLIB_H 1
| #define HAVE_STRING_H 1
| /* end confdefs.h.  */
| #include <stdio.h>
| #ifdef HAVE_SYS_TYPES_H
| # include <sys/types.h>
| #endif
| #ifdef HAVE_SYS_STAT_H
| # include <sys/stat.h>
| #endif
| #ifdef STDC_HEADERS
| # include <stdlib.h>
| # include <stddef.h>
| #else
| # ifdef HAVE_STDLIB_H
| #  include <stdlib.h>
| # endif
| #endif
| #ifdef HAVE_STRING_H
| # if !defined STDC_HEADERS && defined HAVE_MEMORY_H
| #  include <memory.h>
| # endif
| # include <string.h>
| #endif
| #ifdef HAVE_STRINGS_H
| # include <strings.h>
| #endif
| #ifdef HAVE_INTTYPES_H
| # include <inttypes.h>
| #endif
| #ifdef HAVE_STDINT_H
| # include <stdint.h>
| #endif
| #ifdef HAVE_UNISTD_H
| # include <unistd.h>
| #endif
| 
| #include <memory.h>
configure:5357: result: no
configure:5312: checking for strings.h
configure:5333: psp-gcc -c  -g -G0 -D_PSP_FW_VERSION=550 -Dmain=main -I/usr/local/pspdev/psp/sdk/include -I/usr/local/pspdev/include  conftest.c >&5
conftest.c:49:21: error: strings.h: No such file or directory
configure:5340: $? = 1
configure: failed program was:
| /* confdefs.h.  */
| #define PACKAGE_NAME "Aleph One/SDL"
| #define PACKAGE_TARNAME "AlephOne"
| #define PACKAGE_VERSION "20080721"
| #define PACKAGE_STRING "Aleph One/SDL 20080721"
| #define PACKAGE_BUGREPORT "http://sourceforge.net/bugs/?group_id=1997"
| #define PACKAGE "AlephOne"
| #define VERSION "20080721"
| #define STDC_HEADERS 1
| #define HAVE_SYS_TYPES_H 1
| #define HAVE_SYS_STAT_H 1
| #define HAVE_STDLIB_H 1
| #define HAVE_STRING_H 1
| /* end confdefs.h.  */
| #include <stdio.h>
| #ifdef HAVE_SYS_TYPES_H
| # include <sys/types.h>
| #endif
| #ifdef HAVE_SYS_STAT_H
| # include <sys/stat.h>
| #endif
| #ifdef STDC_HEADERS
| # include <stdlib.h>
| # include <stddef.h>
| #else
| # ifdef HAVE_STDLIB_H
| #  include <stdlib.h>
| # endif
| #endif
| #ifdef HAVE_STRING_H
| # if !defined STDC_HEADERS && defined HAVE_MEMORY_H
| #  include <memory.h>
| # endif
| # include <string.h>
| #endif
| #ifdef HAVE_STRINGS_H
| # include <strings.h>
| #endif
| #ifdef HAVE_INTTYPES_H
| # include <inttypes.h>
| #endif
| #ifdef HAVE_STDINT_H
| # include <stdint.h>
| #endif
| #ifdef HAVE_UNISTD_H
| # include <unistd.h>
| #endif
| 
| #include <strings.h>
configure:5357: result: no
configure:5312: checking for inttypes.h
configure:5333: psp-gcc -c  -g -G0 -D_PSP_FW_VERSION=550 -Dmain=main -I/usr/local/pspdev/psp/sdk/include -I/usr/local/pspdev/include  conftest.c >&5
configure:5340: $? = 0
configure:5357: result: yes
configure:5312: checking for stdint.h
configure:5333: psp-gcc -c  -g -G0 -D_PSP_FW_VERSION=550 -Dmain=main -I/usr/local/pspdev/psp/sdk/include -I/usr/local/pspdev/include  conftest.c >&5
configure:5340: $? = 0
configure:5357: result: yes
configure:5312: checking for unistd.h
configure:5333: psp-gcc -c  -g -G0 -D_PSP_FW_VERSION=550 -Dmain=main -I/usr/local/pspdev/psp/sdk/include -I/usr/local/pspdev/include  conftest.c >&5
configure:5340: $? = 0
configure:5357: result: yes
configure:5376: checking for unistd.h
configure:5383: result: yes
configure:5538: checking pwd.h usability
configure:5555: psp-gcc -c  -g -G0 -D_PSP_FW_VERSION=550 -Dmain=main -I/usr/local/pspdev/psp/sdk/include -I/usr/local/pspdev/include  conftest.c >&5
configure:5562: $? = 0
configure:5576: result: yes
configure:5580: checking pwd.h presence
configure:5595: psp-gcc -E  conftest.c
configure:5602: $? = 0
configure:5616: result: yes
configure:5649: checking for pwd.h
configure:5658: result: yes
configure:5674: checking for snprintf
configure:5730: psp-gcc -o conftest  -g -G0 -D_PSP_FW_VERSION=550 -Dmain=main -I/usr/local/pspdev/psp/sdk/include -I/usr/local/pspdev/include   -L/usr/local/pspdev/psp/sdk/lib -L/usr/local/pspdev/lib -specs=/usr/local/pspdev/psp/sdk/lib/prxspecs -Wl,-q,-T/usr/local/pspdev/psp/sdk/lib/linkfile.prx,--start-group conftest.c  -lc -lstdc++ -lfreetype -logg -ljpeg -lpng -lz -lvorbis -lpspwlan -lpspnet_resolver -lm -lpspgu -lGL -lpspaudio -lpspvfpu -lpsphprm -lpspdebug -lpspdisplay -lpspge -lpspctrl -lpspsdk -lc -lpspnet -lpspnet_inet -lpspnet_apctl -lpspnet_resolver -lpsputility -lpspuser -lpspkernel >&5
conftest.c:43: warning: conflicting types for built-in function 'snprintf'
configure:5737: $? = 0
configure:5757: result: yes
configure:5769: checking for vsnprintf
configure:5825: psp-gcc -o conftest  -g -G0 -D_PSP_FW_VERSION=550 -Dmain=main -I/usr/local/pspdev/psp/sdk/include -I/usr/local/pspdev/include   -L/usr/local/pspdev/psp/sdk/lib -L/usr/local/pspdev/lib -specs=/usr/local/pspdev/psp/sdk/lib/prxspecs -Wl,-q,-T/usr/local/pspdev/psp/sdk/lib/linkfile.prx,--start-group conftest.c  -lc -lstdc++ -lfreetype -logg -ljpeg -lpng -lz -lvorbis -lpspwlan -lpspnet_resolver -lm -lpspgu -lGL -lpspaudio -lpspvfpu -lpsphprm -lpspdebug -lpspdisplay -lpspge -lpspctrl -lpspsdk -lc -lpspnet -lpspnet_inet -lpspnet_apctl -lpspnet_resolver -lpsputility -lpspuser -lpspkernel >&5
conftest.c:44: warning: conflicting types for built-in function 'vsnprintf'
configure:5832: $? = 0
configure:5852: result: yes
configure:5907: checking for sdl-config
configure:5925: found /usr/local/pspdev/psp/bin/sdl-config
configure:5938: result: /usr/local/pspdev/psp/bin/sdl-config
configure:5947: checking for SDL - version >= 1.2.0
configure:6080: result: yes
configure:6205: checking SDL_image.h usability
configure:6222: psp-gcc -c  -g -G0 -D_PSP_FW_VERSION=550 -Dmain=main -I/usr/local/pspdev/psp/sdk/include -I/usr/local/pspdev/include  -I/usr/local/pspdev/psp/include/SDL -Dmain=SDL_main -DSDL conftest.c >&5

## ---------------- ##
## Cache variables. ##
## ---------------- ##

ac_cv_build=i686-pc-linux-gnu
ac_cv_c_compiler_gnu=yes
ac_cv_cxx_compiler_gnu=no
ac_cv_env_CCC_set=
ac_cv_env_CCC_value=
ac_cv_env_CC_set=
ac_cv_env_CC_value=
ac_cv_env_CFLAGS_set=
ac_cv_env_CFLAGS_value=
ac_cv_env_CPPFLAGS_set=
ac_cv_env_CPPFLAGS_value=
ac_cv_env_CPP_set=
ac_cv_env_CPP_value=
ac_cv_env_CXXCPP_set=
ac_cv_env_CXXCPP_value=
ac_cv_env_CXXFLAGS_set=
ac_cv_env_CXXFLAGS_value=
ac_cv_env_CXX_set=
ac_cv_env_CXX_value=
ac_cv_env_LDFLAGS_set=
ac_cv_env_LDFLAGS_value=
ac_cv_env_LIBS_set=
ac_cv_env_LIBS_value=
ac_cv_env_build_alias_set=
ac_cv_env_build_alias_value=
ac_cv_env_host_alias_set=set
ac_cv_env_host_alias_value=psp
ac_cv_env_target_alias_set=
ac_cv_env_target_alias_value=
ac_cv_func_snprintf=yes
ac_cv_func_vsnprintf=yes
ac_cv_header_inttypes_h=yes
ac_cv_header_memory_h=no
ac_cv_header_pwd_h=yes
ac_cv_header_stdc=yes
ac_cv_header_stdint_h=yes
ac_cv_header_stdlib_h=yes
ac_cv_header_string_h=yes
ac_cv_header_strings_h=no
ac_cv_header_sys_stat_h=yes
ac_cv_header_sys_types_h=yes
ac_cv_header_unistd_h=yes
ac_cv_host=mipsallegrexel-psp-elf
ac_cv_objext=o
ac_cv_path_EGREP='/bin/grep -E'
ac_cv_path_GREP=/bin/grep
ac_cv_path_SDL_CONFIG=/usr/local/pspdev/psp/bin/sdl-config
ac_cv_path_install='/usr/bin/install -c'
ac_cv_path_mkdir=/bin/mkdir
ac_cv_prog_AWK=gawk
ac_cv_prog_CC=psp-gcc
ac_cv_prog_CPP='psp-gcc -E'
ac_cv_prog_CXX=psp-g++
ac_cv_prog_CXXCPP='psp-g++ -E'
ac_cv_prog_RANLIB=psp-ranlib
ac_cv_prog_STRIP=psp-strip
ac_cv_prog_cc_c89=
ac_cv_prog_cc_g=yes
ac_cv_prog_cxx_g=yes
ac_cv_prog_make_make_set=yes
ac_cv_target=mipsallegrexel-psp-elf
am_cv_CC_dependencies_compiler_type=gcc3
am_cv_CXX_dependencies_compiler_type=gcc3

## ----------------- ##
## Output variables. ##
## ----------------- ##

ACLOCAL='${SHELL} /home/mk/Development/PSP/AlephOne-PSP-SF/missing --run aclocal-1.10'
AMDEPBACKSLASH='\'
AMDEP_FALSE='#'
AMDEP_TRUE=''
AMTAR='${SHELL} /home/mk/Development/PSP/AlephOne-PSP-SF/missing --run tar'
AUTOCONF='${SHELL} /home/mk/Development/PSP/AlephOne-PSP-SF/missing --run autoconf'
AUTOHEADER='${SHELL} /home/mk/Development/PSP/AlephOne-PSP-SF/missing --run autoheader'
AUTOMAKE='${SHELL} /home/mk/Development/PSP/AlephOne-PSP-SF/missing --run automake-1.10'
AWK='gawk'
CC='psp-gcc'
CCDEPMODE='depmode=gcc3'
CFLAGS=' -g -G0 -D_PSP_FW_VERSION=550 -Dmain=main -I/usr/local/pspdev/psp/sdk/include -I/usr/local/pspdev/include'
CPP='psp-gcc -E'
CPPFLAGS=' -I/usr/local/pspdev/psp/include/SDL -Dmain=SDL_main -DSDL'
CXX='psp-g++'
CXXCPP='psp-g++ -E'
CXXDEPMODE='depmode=gcc3'
CXXFLAGS=' -g -G0 -D_PSP_FW_VERSION=550 -Dmain=main -I/usr/local/pspdev/psp/sdk/include -I/usr/local/pspdev/include  -O2  -include "cstdlib"'
CYGPATH_W='echo'
DEFS=''
DEPDIR='.deps'
ECHO_C=''
ECHO_N='-n'
ECHO_T=''
EGREP='/bin/grep -E'
EXEEXT='.elf'
GREP='/bin/grep'
HAVE_SDL_NET_FALSE=''
HAVE_SDL_NET_TRUE=''
INSTALL_DATA='${INSTALL} -m 644'
INSTALL_PROGRAM='${INSTALL}'
INSTALL_SCRIPT='${INSTALL}'
INSTALL_STRIP_PROGRAM='$(install_sh) -c -s'
LDFLAGS=' -L/usr/local/pspdev/psp/sdk/lib -L/usr/local/pspdev/lib -specs=/usr/local/pspdev/psp/sdk/lib/prxspecs -Wl,-q,-T/usr/local/pspdev/psp/sdk/lib/linkfile.prx,--start-group'
LIBOBJS=''
LIBS='-lSDL -lSDLmain  -lc -lstdc++ -lfreetype -logg -ljpeg -lpng -lz -lvorbis -lpspwlan -lpspnet_resolver -lm -lpspgu -lGL -lpspaudio -lpspvfpu -lpsphprm -lpspdebug -lpspdisplay -lpspge -lpspctrl -lpspsdk -lc -lpspnet -lpspnet_inet -lpspnet_apctl -lpspnet_resolver -lpsputility -lpspuser -lpspkernel'
LTLIBOBJS=''
MAKEINFO='${SHELL} /home/mk/Development/PSP/AlephOne-PSP-SF/missing --run makeinfo'
MAKE_PSP_FALSE=''
MAKE_PSP_TRUE=''
MAKE_WINDOWS_FALSE=''
MAKE_WINDOWS_TRUE=''
MKDIR_P='/bin/mkdir -p'
OBJEXT='o'
PACKAGE='AlephOne'
PACKAGE_BUGREPORT='http://sourceforge.net/bugs/?group_id=1997'
PACKAGE_NAME='Aleph One/SDL'
PACKAGE_STRING='Aleph One/SDL 20080721'
PACKAGE_TARNAME='AlephOne'
PACKAGE_VERSION='20080721'
PATH_SEPARATOR=':'
RANLIB='psp-ranlib'
SDL_CFLAGS='-I/usr/local/pspdev/psp/include/SDL -Dmain=SDL_main'
SDL_CONFIG='/usr/local/pspdev/psp/bin/sdl-config'
SDL_LIBS='-L/usr/local/pspdev/psp/lib -lSDLmain -lSDL -lm -L/usr/local/pspdev/psp/sdk/lib -lpspdebug -lpspgu -lpspctrl -lpspge -lpspdisplay -lpsphprm -lpspsdk -lpsprtc -lpspaudio -lc -lpspuser -lpsputility -lpspkernel -lpspnet_inet'
SET_MAKE=''
SHELL='/bin/bash'
STRIP='psp-strip'
VERSION='20080721'
WINDRES=''
ac_ct_CC=''
ac_ct_CXX=''
am__fastdepCC_FALSE='#'
am__fastdepCC_TRUE=''
am__fastdepCXX_FALSE='#'
am__fastdepCXX_TRUE=''
am__include='include'
am__isrc=''
am__leading_dot='.'
am__quote=''
am__tar='${AMTAR} chof - "$$tardir"'
am__untar='${AMTAR} xf -'
bindir='${exec_prefix}/bin'
build='i686-pc-linux-gnu'
build_alias=''
build_cpu='i686'
build_os='linux-gnu'
build_vendor='pc'
datadir='${datarootdir}'
datarootdir='${prefix}/share'
docdir='${datarootdir}/doc/${PACKAGE_TARNAME}'
dvidir='${docdir}'
exec_prefix='NONE'
host='mipsallegrexel-psp-elf'
host_alias='psp'
host_cpu='mipsallegrexel'
host_os='elf'
host_vendor='psp'
htmldir='${docdir}'
includedir='${prefix}/include'
infodir='${datarootdir}/info'
install_sh='$(SHELL) /home/mk/Development/PSP/AlephOne-PSP-SF/install-sh'
libdir='${exec_prefix}/lib'
libexecdir='${exec_prefix}/libexec'
localedir='${datarootdir}/locale'
localstatedir='${prefix}/var'
mandir='${datarootdir}/man'
mkdir_p='/bin/mkdir -p'
oldincludedir='/usr/include'
pdfdir='${docdir}'
prefix='/usr/local/pspdev/psp'
program_transform_name='s,x,x,'
psdir='${docdir}'
sbindir='${exec_prefix}/sbin'
sharedstatedir='${prefix}/com'
sysconfdir='${prefix}/etc'
target='mipsallegrexel-psp-elf'
target_alias=''
target_cpu='mipsallegrexel'
target_os='elf'
target_vendor='psp'

## ----------- ##
## confdefs.h. ##
## ----------- ##

#define PACKAGE_NAME "Aleph One/SDL"
#define PACKAGE_TARNAME "AlephOne"
#define PACKAGE_VERSION "20080721"
#define PACKAGE_STRING "Aleph One/SDL 20080721"
#define PACKAGE_BUGREPORT "http://sourceforge.net/bugs/?group_id=1997"
#define PACKAGE "AlephOne"
#define VERSION "20080721"
#define STDC_HEADERS 1
#define HAVE_SYS_TYPES_H 1
#define HAVE_SYS_STAT_H 1
#define HAVE_STDLIB_H 1
#define HAVE_STRING_H 1
#define HAVE_INTTYPES_H 1
#define HAVE_STDINT_H 1
#define HAVE_UNISTD_H 1
#define HAVE_UNISTD_H 1
#define HAVE_PWD_H 1
#define HAVE_SNPRINTF 1
#define HAVE_VSNPRINTF 1

configure: caught signal 2
configure: exit 1
